<?xml version="1.0" encoding="UTF-8"?>
<!-- Generated by org.testng.reporters.JUnitXMLReporter -->
<testsuite ignored="0" hostname="DESKTOP-RLQFFHC" failures="0" tests="2" name="BankingApp Test" time="31.63" errors="0" timestamp="2021-08-26T19:36:28 PKT">
  <testcase classname="com.EBankingTest.TestCase.TC_LoginTest_001" name="LoginTest" time="1.381"/>
  <testcase classname="com.EBankingTest.TestCase.TC_AddCustomerTest_003" name="addNewCustomer" time="14.941"/>
</testsuite> <!-- BankingApp Test -->
