<?xml version="1.0" encoding="UTF-8"?>
<!-- Generated by org.testng.reporters.JUnitXMLReporter -->
<testsuite ignored="0" hostname="DESKTOP-RLQFFHC" failures="0" tests="2" name="BankingApp Test" time="74.866" errors="0" timestamp="2021-08-25T20:41:34 PKT">
  <testcase classname="com.EBankingTest.TestCase.TC_LoginTest_001" name="LoginTest" time="1.409"/>
  <testcase classname="com.EBankingTest.TestCase.TC_AddCustomerTest_003" name="addNewCustomer" time="60.658"/>
</testsuite> <!-- BankingApp Test -->
