<?xml version="1.0" encoding="UTF-8"?>
<testng-results ignored="0" total="2" passed="2" failed="0" skipped="0">
  <reporter-output>
  </reporter-output>
  <suite started-at="2021-08-25T20:40:19 PKT" name="EBankingTest" finished-at="2021-08-25T20:41:34 PKT" duration-ms="74866">
    <groups>
    </groups>
    <test started-at="2021-08-25T20:40:19 PKT" name="BankingApp Test" finished-at="2021-08-25T20:41:34 PKT" duration-ms="74866">
      <class name="com.EBankingTest.TestCase.TC_LoginTest_001">
        <test-method is-config="true" signature="setup(java.lang.String)[pri:0, instance:com.EBankingTest.TestCase.TC_LoginTest_001@33afa13b]" started-at="2021-08-25T20:40:20 PKT" name="setup" finished-at="2021-08-25T20:40:27 PKT" duration-ms="6958" status="PASS">
          <params>
            <param index="0">
              <value>
                <![CDATA[chrome]]>
              </value>
            </param>
          </params>
          <reporter-output>
          </reporter-output>
        </test-method> <!-- setup -->
        <test-method signature="LoginTest()[pri:0, instance:com.EBankingTest.TestCase.TC_LoginTest_001@33afa13b]" started-at="2021-08-25T20:40:27 PKT" name="LoginTest" finished-at="2021-08-25T20:40:28 PKT" duration-ms="1409" status="PASS">
          <reporter-output>
          </reporter-output>
        </test-method> <!-- LoginTest -->
        <test-method is-config="true" signature="tearDown()[pri:0, instance:com.EBankingTest.TestCase.TC_LoginTest_001@33afa13b]" started-at="2021-08-25T20:40:28 PKT" name="tearDown" finished-at="2021-08-25T20:40:29 PKT" duration-ms="807" status="PASS">
          <reporter-output>
          </reporter-output>
        </test-method> <!-- tearDown -->
      </class> <!-- com.EBankingTest.TestCase.TC_LoginTest_001 -->
      <class name="com.EBankingTest.TestCase.TC_AddCustomerTest_003">
        <test-method is-config="true" signature="setup(java.lang.String)[pri:0, instance:com.EBankingTest.TestCase.TC_AddCustomerTest_003@6b26e945]" started-at="2021-08-25T20:40:29 PKT" name="setup" finished-at="2021-08-25T20:40:33 PKT" duration-ms="3950" status="PASS">
          <params>
            <param index="0">
              <value>
                <![CDATA[chrome]]>
              </value>
            </param>
          </params>
          <reporter-output>
          </reporter-output>
        </test-method> <!-- setup -->
        <test-method signature="addNewCustomer()[pri:0, instance:com.EBankingTest.TestCase.TC_AddCustomerTest_003@6b26e945]" started-at="2021-08-25T20:40:33 PKT" name="addNewCustomer" finished-at="2021-08-25T20:41:33 PKT" duration-ms="60658" status="PASS">
          <reporter-output>
          </reporter-output>
        </test-method> <!-- addNewCustomer -->
        <test-method is-config="true" signature="tearDown()[pri:0, instance:com.EBankingTest.TestCase.TC_AddCustomerTest_003@6b26e945]" started-at="2021-08-25T20:41:33 PKT" name="tearDown" finished-at="2021-08-25T20:41:34 PKT" duration-ms="708" status="PASS">
          <reporter-output>
          </reporter-output>
        </test-method> <!-- tearDown -->
      </class> <!-- com.EBankingTest.TestCase.TC_AddCustomerTest_003 -->
    </test> <!-- BankingApp Test -->
  </suite> <!-- EBankingTest -->
</testng-results>
