<?xml version="1.0" encoding="UTF-8"?>
<testng-results ignored="0" total="2" passed="2" failed="0" skipped="0">
  <reporter-output>
  </reporter-output>
  <suite started-at="2021-08-26T19:35:57 PKT" name="EBankingTest" finished-at="2021-08-26T19:36:28 PKT" duration-ms="31630">
    <groups>
    </groups>
    <test started-at="2021-08-26T19:35:57 PKT" name="BankingApp Test" finished-at="2021-08-26T19:36:28 PKT" duration-ms="31630">
      <class name="com.EBankingTest.TestCase.TC_LoginTest_001">
        <test-method is-config="true" signature="setup(java.lang.String)[pri:0, instance:com.EBankingTest.TestCase.TC_LoginTest_001@6b2ea799]" started-at="2021-08-26T19:35:57 PKT" name="setup" finished-at="2021-08-26T19:36:06 PKT" duration-ms="9183" status="PASS">
          <params>
            <param index="0">
              <value>
                <![CDATA[chrome]]>
              </value>
            </param>
          </params>
          <reporter-output>
          </reporter-output>
        </test-method> <!-- setup -->
        <test-method signature="LoginTest()[pri:0, instance:com.EBankingTest.TestCase.TC_LoginTest_001@6b2ea799]" started-at="2021-08-26T19:36:06 PKT" name="LoginTest" finished-at="2021-08-26T19:36:08 PKT" duration-ms="1381" status="PASS">
          <reporter-output>
          </reporter-output>
        </test-method> <!-- LoginTest -->
        <test-method is-config="true" signature="tearDown()[pri:0, instance:com.EBankingTest.TestCase.TC_LoginTest_001@6b2ea799]" started-at="2021-08-26T19:36:08 PKT" name="tearDown" finished-at="2021-08-26T19:36:09 PKT" duration-ms="749" status="PASS">
          <reporter-output>
          </reporter-output>
        </test-method> <!-- tearDown -->
      </class> <!-- com.EBankingTest.TestCase.TC_LoginTest_001 -->
      <class name="com.EBankingTest.TestCase.TC_AddCustomerTest_003">
        <test-method is-config="true" signature="setup(java.lang.String)[pri:0, instance:com.EBankingTest.TestCase.TC_AddCustomerTest_003@175c2241]" started-at="2021-08-26T19:36:09 PKT" name="setup" finished-at="2021-08-26T19:36:13 PKT" duration-ms="4135" status="PASS">
          <params>
            <param index="0">
              <value>
                <![CDATA[chrome]]>
              </value>
            </param>
          </params>
          <reporter-output>
          </reporter-output>
        </test-method> <!-- setup -->
        <test-method signature="addNewCustomer()[pri:0, instance:com.EBankingTest.TestCase.TC_AddCustomerTest_003@175c2241]" started-at="2021-08-26T19:36:13 PKT" name="addNewCustomer" finished-at="2021-08-26T19:36:28 PKT" duration-ms="14941" status="PASS">
          <reporter-output>
          </reporter-output>
        </test-method> <!-- addNewCustomer -->
        <test-method is-config="true" signature="tearDown()[pri:0, instance:com.EBankingTest.TestCase.TC_AddCustomerTest_003@175c2241]" started-at="2021-08-26T19:36:28 PKT" name="tearDown" finished-at="2021-08-26T19:36:28 PKT" duration-ms="843" status="PASS">
          <reporter-output>
          </reporter-output>
        </test-method> <!-- tearDown -->
      </class> <!-- com.EBankingTest.TestCase.TC_AddCustomerTest_003 -->
    </test> <!-- BankingApp Test -->
  </suite> <!-- EBankingTest -->
</testng-results>
